2015-04-09 09:54:44,588 INFO  [jeeves] - Upload directory is: C:\geonetwork\web\src\main\webapp\./data/tmp/
2015-04-09 09:54:44,807 WARN  [jeeves.dbmspool] - Using transaction isolation setting READ_COMMITTED
2015-04-09 09:55:01,044 WARN  [jeeves.engine] - Jeeves DBMS service configuration lookup failed (database may not be available yet). Message is: Table "SERVICES" not found; SQL statement:
SELECT * FROM Services [42102-152]
2015-04-09 09:55:04,983 INFO  [jeeves.service] - Service csw already exist, re-register it.
2015-04-09 09:55:05,668 INFO  [jeeves.service] - Service xml.metadata.insert already exist, re-register it.
2015-04-09 09:55:05,668 INFO  [jeeves.service] - Service xml.metadata.delete already exist, re-register it.
2015-04-09 09:55:05,699 INFO  [jeeves.service] - Service xml.relation.get already exist, re-register it.
2015-04-09 09:55:05,714 INFO  [jeeves.service] - Service xml.relation.insert already exist, re-register it.
2015-04-09 09:55:05,714 INFO  [jeeves.service] - Service xml.relation.delete already exist, re-register it.
2015-04-09 09:55:06,074 INFO  [jeeves.apphand] - Initializing GeoNetwork 2.10.4.0 ...
2015-04-09 09:55:06,121 WARN  [geonetwork.data.directory] -    - Data directory initialization: null
2015-04-09 09:55:06,121 WARN  [geonetwork.data.directory] -     - Data directory properties is not set. Use geonetwork.dir or geonetwork.dir properties.
2015-04-09 09:55:06,121 WARN  [geonetwork.data.directory] -     - Data directory provided could not be used. Using default location: C:\geonetwork\web\src\main\webapp\WEB-INF\data\
2015-04-09 09:55:06,246 INFO  [jeeves.apphand] - Data directory: C:\geonetwork\web\src\main\webapp\WEB-INF\data\
2015-04-09 09:55:06,246 INFO  [jeeves.apphand] - jeeves.xml.catalog.files property set to C:\geonetwork\web\src\main\webapp\WEB-INF\oasis-catalog.xml;C:\geonetwork\web\src\main\webapp\WEB-INF\data\config\schemaplugin-uri-catalog.xml
2015-04-09 09:55:06,246 INFO  [jeeves.apphand] - jeeves.xml.catalog.blankxslfile property set to C:\geonetwork\web\src\main\webapp\xsl\blanks.xsl
2015-04-09 09:55:06,246 INFO  [jeeves.apphand] - mime-mappings property set to C:\geonetwork\web\src\main\webapp\WEB-INF\mime-types.properties
2015-04-09 09:55:06,304 INFO  [jeeves.apphand] - useHtml5ui set to true
2015-04-09 09:55:06,793 INFO  [jeeves.apphand] -   - Database connection on jdbc:h2:geonetwork;LOCK_TIMEOUT=20000;DB_CLOSE_ON_EXIT=FALSE;MVCC=TRUE ...
2015-04-09 09:55:06,942 INFO  [jeeves.apphand] -       jdbc:h2:geonetwork;LOCK_TIMEOUT=20000;DB_CLOSE_ON_EXIT=FALSE;MVCC=TRUE is an empty database (Metadata table not found).
2015-04-09 09:55:06,942 INFO  [jeeves.apphand] -          - SQL create file:C:\geonetwork\web\src\main\webapp\WEB-INF/classes/setup/sql/create prefix:create-db- ...
2015-04-09 09:55:07,468 INFO  [jeeves.apphand] -          - SQL data file:C:\geonetwork\web\src\main\webapp\WEB-INF/classes/setup/sql/data prefix:data-db- ...
2015-04-09 09:55:08,193 INFO  [jeeves.apphand] -          - SQL data file:C:\geonetwork\web\src\main\webapp\WEB-INF/classes/setup/sql/data prefix:loc-eng- ...
2015-04-09 09:55:08,812 INFO  [jeeves.apphand] -          - SQL data file:C:\geonetwork\web\src\main\webapp\WEB-INF/classes/setup/sql/data prefix:loc-fre- ...
2015-04-09 09:55:09,404 INFO  [jeeves.apphand] -          - SQL data file:C:\geonetwork\web\src\main\webapp\WEB-INF/classes/setup/sql/data prefix:loc-ger- ...
2015-04-09 09:55:09,879 INFO  [jeeves.apphand] -          - SQL data file:C:\geonetwork\web\src\main\webapp\WEB-INF/classes/setup/sql/data prefix:loc-spa- ...
2015-04-09 09:55:10,302 INFO  [jeeves.apphand] -          - SQL data file:C:\geonetwork\web\src\main\webapp\WEB-INF/classes/setup/sql/data prefix:loc-cat- ...
2015-04-09 09:55:10,781 INFO  [jeeves.apphand] -          - SQL data file:C:\geonetwork\web\src\main\webapp\WEB-INF/classes/setup/sql/data prefix:loc-rus- ...
2015-04-09 09:55:11,266 INFO  [jeeves.apphand] -          - SQL data file:C:\geonetwork\web\src\main\webapp\WEB-INF/classes/setup/sql/data prefix:loc-por- ...
2015-04-09 09:55:11,787 INFO  [jeeves.apphand] -          - SQL data file:C:\geonetwork\web\src\main\webapp\WEB-INF/classes/setup/sql/data prefix:loc-chi- ...
2015-04-09 09:55:12,054 INFO  [jeeves.apphand] -          - SQL data file:C:\geonetwork\web\src\main\webapp\WEB-INF/classes/setup/sql/data prefix:loc-dut- ...
2015-04-09 09:55:12,503 INFO  [jeeves.apphand] -          - SQL data file:C:\geonetwork\web\src\main\webapp\WEB-INF/classes/setup/sql/data prefix:loc-nor- ...
2015-04-09 09:55:12,776 INFO  [jeeves.apphand] -          - SQL data file:C:\geonetwork\web\src\main\webapp\WEB-INF/classes/setup/sql/data prefix:loc-fin- ...
2015-04-09 09:55:13,050 INFO  [jeeves.apphand] -          - SQL data file:C:\geonetwork\web\src\main\webapp\WEB-INF/classes/setup/sql/data prefix:loc-ara- ...
2015-04-09 09:55:13,382 INFO  [jeeves.apphand] -          - SQL data file:C:\geonetwork\web\src\main\webapp\WEB-INF/classes/setup/sql/data prefix:loc-ita- ...
2015-04-09 09:55:13,935 INFO  [jeeves.apphand] -          - SQL data file:C:\geonetwork\web\src\main\webapp\WEB-INF/classes/setup/sql/data prefix:loc-tur- ...
2015-04-09 09:55:14,112 INFO  [jeeves.apphand] -          - SQL data file:C:\geonetwork\web\src\main\webapp\WEB-INF/classes/setup/sql/data prefix:loc-vie- ...
2015-04-09 09:55:14,314 INFO  [jeeves.apphand] -          - SQL data file:C:\geonetwork\web\src\main\webapp\WEB-INF/classes/setup/sql/data prefix:loc-pol- ...
2015-04-09 09:55:15,978 INFO  [jeeves.apphand] -       Setting catalogue logo for current node identified by: 54b1356a-c665-437d-bb3f-f09f4cdf03ee
2015-04-09 09:55:15,978 INFO  [jeeves.apphand] -   - Thread Pool...
2015-04-09 09:55:16,009 INFO  [jeeves.apphand] -   - Setting manager...
2015-04-09 09:55:16,213 INFO  [jeeves.apphand] -   - Migration ...
2015-04-09 09:55:16,213 INFO  [jeeves.apphand] -       Webapp   version:2.10.4 subversion:0
2015-04-09 09:55:16,213 INFO  [jeeves.apphand] -       Database version:2.10.5 subversion:SNAPSHOT
2015-04-09 09:55:16,213 INFO  [jeeves.apphand] -       Running on a newer database version.
2015-04-09 09:55:16,259 INFO  [jeeves.apphand] -   - Z39.50...
2015-04-09 09:55:16,400 INFO  [jeeves.apphand] -      Repositories file built from template.
2015-04-09 09:55:16,400 INFO  [org.springframework.context.support.ClassPathXmlApplicationContext] - Refreshing org.springframework.context.support.ClassPathXmlApplicationContext@19884174: startup date [Thu Apr 09 09:55:16 CEST 2015]; root of context hierarchy
2015-04-09 09:55:16,400 INFO  [org.springframework.beans.factory.xml.XmlBeanDefinitionReader] - Loading XML bean definitions from class path resource [JZkitApplicationContext.xml]
2015-04-09 09:55:17,088 INFO  [org.springframework.context.annotation.ClassPathBeanDefinitionScanner] - JSR-330 'javax.inject.Named' annotation found and supported for component scanning
2015-04-09 09:55:17,414 INFO  [org.springframework.context.annotation.ClassPathBeanDefinitionScanner] - JSR-330 'javax.inject.Named' annotation found and supported for component scanning
2015-04-09 09:55:17,425 INFO  [org.springframework.context.annotation.ClassPathBeanDefinitionScanner] - JSR-330 'javax.inject.Named' annotation found and supported for component scanning
2015-04-09 09:55:17,435 INFO  [org.springframework.context.annotation.ClassPathBeanDefinitionScanner] - JSR-330 'javax.inject.Named' annotation found and supported for component scanning
2015-04-09 09:55:17,887 INFO  [org.springframework.beans.factory.annotation.AutowiredAnnotationBeanPostProcessor] - JSR-330 'javax.inject.Inject' annotation found and supported for autowiring
2015-04-09 09:55:18,090 INFO  [org.springframework.beans.factory.support.DefaultListableBeanFactory] - Pre-instantiating singletons in org.springframework.beans.factory.support.DefaultListableBeanFactory@4df7ae9c: defining beans [JZKitZ3950PluginMetadata,org.springframework.context.annotation.internalConfigurationAnnotationProcessor,org.springframework.context.annotation.internalAutowiredAnnotationProcessor,org.springframework.context.annotation.internalRequiredAnnotationProcessor,org.springframework.context.annotation.internalCommonAnnotationProcessor,QB-CQL,org.jzkit.recordbuilder.iso2709,org.jzkit.recordbuilder.xml,org.jzkit.recordbuilder.string,messageSource,ContextGateway,OIDRegister,Z3950Listener,JZKit2SearchBackend,JZKitConfig,ProfileService,TransformationService,RecordBuilderService,StatelessQueryService,SearchSession,SearchSessionFactory,RPNToInternalRules,InternalToType1ConversionRules,org.springframework.context.annotation.ConfigurationClassPostProcessor$ImportAwareBeanPostProcessor#0]; root of factory hierarchy
2015-04-09 09:55:21,093 INFO  [jeeves.apphand] -      Server is Enabled.
2015-04-09 09:55:21,108 INFO  [jeeves.apphand] -   - Schema manager...
2015-04-09 09:55:21,108 INFO  [jeeves.apphand] - 			- Schema plugins directory: C:\geonetwork\web\src\main\webapp\WEB-INF\data\config\schema_plugins
2015-04-09 09:55:21,108 INFO  [jeeves.apphand] - 			- Schema Catalog File     : C:\geonetwork\web\src\main\webapp\WEB-INF\data\config\schemaplugin-uri-catalog.xml
2015-04-09 09:55:23,126 WARN  [geonetwork.schemamanager] - Cannot resolve http://www.w3.org/2001/03/xml.xsd: will append last component to current path (not sure it will help though!)
2015-04-09 09:55:27,219 WARN  [geonetwork.schemamanager] - WARNING: gco:Record is a global element without a type - assuming a string
2015-04-09 09:55:28,885 WARN  [geonetwork.schemamanager] - WARNING: gco:Record is a global element without a type - assuming a string
2015-04-09 09:55:28,903 WARN  [geonetwork.schemamanager] - WARNING: schema-substitutions.xml has wiped out XSD substitution list for gml:CoordinateSystemAxis
2015-04-09 09:55:28,912 WARN  [geonetwork.schemamanager] - WARNING: schema-substitutions.xml has wiped out XSD substitution list for gml:VerticalCS
2015-04-09 09:55:28,922 WARN  [geonetwork.schemamanager] - WARNING: schema-substitutions.xml has wiped out XSD substitution list for gml:CoordinateSystemAxis
2015-04-09 09:55:28,923 WARN  [geonetwork.schemamanager] - WARNING: schema-substitutions.xml has wiped out XSD substitution list for gml:VerticalDatum
2015-04-09 09:55:33,021 ERROR [jeeves.engine] - Failed to find/invoke clearCache method - continuing (org.apache.xalan.processor.TransformerFactoryImpl.clearCache())
2015-04-09 09:55:33,021 INFO  [jeeves.apphand] -   - Search...
2015-04-09 09:55:33,021 INFO  [jeeves.apphand] -   - Log spatial object: false
2015-04-09 09:55:33,021 INFO  [jeeves.apphand] -   - Log in asynch mode: true
2015-04-09 09:55:33,271 INFO  [jeeves.apphand] -   - Lucene configuration is:
2015-04-09 09:55:33,271 INFO  [jeeves.apphand] - Lucene configuration:
 * Version: LUCENE_36
 * RAMBufferSize: 48.0
 * MergeFactor: 10
 * Default analyzer: org.fao.geonet.kernel.search.GeoNetworkAnalyzer
 * Field analyzers: {_source=org.apache.lucene.analysis.core.KeywordAnalyzer, hassource=org.fao.geonet.kernel.search.GeoNetworkAnalyzer, parentUuid=org.fao.geonet.kernel.search.GeoNetworkAnalyzer, _groupPublished=org.apache.lucene.analysis.core.KeywordAnalyzer, subject=org.apache.lucene.analysis.core.KeywordAnalyzer, hasfeaturecat=org.fao.geonet.kernel.search.GeoNetworkAnalyzer, keyword=org.apache.lucene.analysis.core.KeywordAnalyzer, _cat=org.apache.lucene.analysis.core.KeywordAnalyzer, operatesOnIdentifier=org.fao.geonet.kernel.search.GeoNetworkAnalyzer, operatesOn=org.fao.geonet.kernel.search.GeoNetworkAnalyzer, _uuid=org.fao.geonet.kernel.search.GeoNetworkAnalyzer, inspirerelated=org.apache.lucene.analysis.core.KeywordAnalyzer}
 * Field search analyzers: {_source=org.apache.lucene.analysis.core.KeywordAnalyzer, parentUuid=org.fao.geonet.kernel.search.GeoNetworkAnalyzer, hassource=org.fao.geonet.kernel.search.GeoNetworkAnalyzer, subject=org.apache.lucene.analysis.core.KeywordAnalyzer, _groupPublished=org.apache.lucene.analysis.core.KeywordAnalyzer, keyword=org.apache.lucene.analysis.core.KeywordAnalyzer, operatesOn=org.fao.geonet.kernel.search.GeoNetworkAnalyzer, hasfeaturecat=org.fao.geonet.kernel.search.GeoNetworkAnalyzer, _cat=org.apache.lucene.analysis.core.KeywordAnalyzer, operatesOnIdentifier=org.fao.geonet.kernel.search.GeoNetworkAnalyzer, _uuid=org.fao.geonet.kernel.search.GeoNetworkAnalyzer, inspirerelated=org.apache.lucene.analysis.core.KeywordAnalyzer}
 * Field boost factor: {_op2=0.0, _owner=0.0, _isTemplate=0.0, _op0=0.0, _op1=0.0, _dummy=0.0}
 * Boost document class: null
 * Tokenized fields: [abstract, keywordType, title, subject, any, levelName, altTitle, specificationTitle]
 * Numeric fields: [eastBL, southBL, northBL, westBL, denominator]
 * Dump fields: {_valid_schematron-rules-inspire=valid_schematron-rules-inspire, _popularity=popularity, _dynamic=dynamic, _source=source, _owner=owner, accessConstr=Constraints, link=link, _ownername=ownername, _view=view, responsibleParty=responsibleParty, type=type, _userinfo=userinfo, _locale=_locale, _valid_schematron-rules-iso=valid_schematron-rules-iso, _selected=selected, _isTemplate=isTemplate, _isPublishedToAll=isPublishedToAll, _valid=valid, classif=SecurityConstraints, _rating=rating, _cat=category, credit=credit, otherConstr=Constraints, _status=status, _title=title, abstract=abstract, _featured=featured, _valid_schematron-rules-geonetwork=valid_schematron-rules-geonetwork, parentUuid=parentId, keyword=keyword, image=image, datasetLang=datasetLang, conditionApplyingToAccessAndUse=Constraints, _displayOrder=displayOrder, _indexingErrorMsg=idxMsg, serviceType=serviceType, geoBox=geoBox, _isHarvested=isHarvested, spatialRepresentationType=spatialRepresentationType, _download=download, _valid_xsd=valid_xsd, _indexingError=idxError, language=language, _defaultTitle=defaultTitle, _edit=edit, _docLocale=docLocale, _notify=notify}
 * Search boost query: null
 * Score: 
  * trackDocScores: false 
  * trackMaxScore: false 
  * docsScoredInOrder: false 
Taxonomy configuration: [hits, results, titles, results_with_summary]
  * type: hits
{inspiretheme=Field: inspiretheme	name:inspireTheme	max:35	sort byVALUE	sort order:ASCENDIND, metadataPOC=Field: metadataPOC	name:metadataPOC	max:15	sort byCOUNT	sort order:DESCENDING, spatialRepresentationType=Field: spatialRepresentationType	name:spatialRepresentationType	max:10	sort byCOUNT	sort order:DESCENDING, keyword=Field: keyword	name:keyword	max:15	sort byCOUNT	sort order:DESCENDING, createDateYear=Field: createDateYear	name:createDateYear	max:40	sort byVALUE	sort order:DESCENDING, denominator=Field: denominator	name:denominator	max:10	sort byNUMVALUE	sort order:DESCENDING, type=Field: type	name:type	max:10	sort byCOUNT	sort order:DESCENDING, serviceType=Field: serviceType	name:serviceType	max:10	sort byCOUNT	sort order:DESCENDING, orgName=Field: orgName	name:orgName	max:15	sort byCOUNT	sort order:DESCENDING}  * type: results
{keyword=Field: keyword	name:keyword	max:100	sort byCOUNT	sort order:DESCENDING}  * type: titles
{title=Field: title	name:title	max:100	sort byCOUNT	sort order:DESCENDING}  * type: results_with_summary
{inspiretheme=Field: inspiretheme	name:inspireTheme	max:35	sort byVALUE	sort order:ASCENDIND, metadataPOC=Field: metadataPOC	name:metadataPOC	max:15	sort byCOUNT	sort order:DESCENDING, spatialRepresentationType=Field: spatialRepresentationType	name:spatialRepresentationType	max:10	sort byCOUNT	sort order:DESCENDING, keyword=Field: keyword	name:keyword	max:15	sort byCOUNT	sort order:DESCENDING, createDateYear=Field: createDateYear	name:createDateYear	max:40	sort byCOUNT	sort order:ASCENDIND, denominator=Field: denominator	name:denominator	max:20	sort byVALUE	sort order:ASCENDIND, type=Field: type	name:type	max:10	sort byCOUNT	sort order:DESCENDING, serviceType=Field: serviceType	name:serviceType	max:10	sort byCOUNT	sort order:DESCENDING, orgName=Field: orgName	name:orgName	max:15	sort byCOUNT	sort order:DESCENDING}
2015-04-09 09:55:33,287 INFO  [jeeves.apphand] - Creating shapefile C:\geonetwork\web\src\main\webapp\WEB-INF\data\index\spatialindex.shp
2015-04-09 09:55:37,225 INFO  [jeeves.apphand] - NOTE: Using shapefile for spatial index, this can be slow for larger catalogs
2015-04-09 09:55:40,024 WARN  [geonetwork.lucene] - Stopwords file with incorrect ISO 639-2 language as filename: README
2015-04-09 09:55:44,629 INFO  [jeeves.apphand] -   - Access manager...
2015-04-09 09:55:44,723 INFO  [jeeves.apphand] -   - Xml serializer and Data manager...
2015-04-09 09:56:09,901 INFO  [jeeves.apphand] -   - Thesaurus...
2015-04-09 09:56:09,995 INFO  [jeeves.apphand] -   - Catalogue services for the web...
2015-04-09 09:56:11,183 INFO  [jeeves.apphand] -   - Open Archive Initiative (OAI-PMH) server...
2015-04-09 09:56:11,948 INFO  [jeeves.apphand] -   - Metadata notifier ...
2015-04-09 09:56:11,948 INFO  [jeeves.apphand] -   - Metadata notifier ...
2015-04-09 09:56:11,995 INFO  [jeeves.apphand] - Site ID is : 54b1356a-c665-437d-bb3f-f09f4cdf03ee
2015-04-09 09:56:11,995 INFO  [jeeves.apphand] -   - Harvest manager...
2015-04-09 09:56:18,349 INFO  [jeeves.apphand] - Stopping geonetwork...
2015-04-09 09:56:18,349 INFO  [jeeves.apphand] - shutting down CSW HarvestResponse executionService
2015-04-09 09:56:18,474 INFO  [jeeves.apphand] -   - search...
2015-04-09 09:56:18,943 INFO  [jeeves.apphand] -   - ThreadPool ...
2015-04-09 09:56:18,943 INFO  [jeeves.apphand] -   - MetadataNotifier ...
2015-04-09 09:56:18,943 INFO  [jeeves.apphand] -   - Harvest Manager...
2015-04-09 09:56:18,943 INFO  [jeeves.apphand] -   - Z39.50...
2015-04-09 09:56:18,943 ERROR [org.jzkit.z3950.server.Z3950Listener] - Problem
java.net.SocketException: socket closed
	at java.net.DualStackPlainSocketImpl.accept0(Native Method)
	at java.net.DualStackPlainSocketImpl.socketAccept(DualStackPlainSocketImpl.java:131)
	at java.net.AbstractPlainSocketImpl.accept(AbstractPlainSocketImpl.java:398)
	at java.net.PlainSocketImpl.accept(PlainSocketImpl.java:198)
	at java.net.ServerSocket.implAccept(ServerSocket.java:530)
	at java.net.ServerSocket.accept(ServerSocket.java:498)
	at org.jzkit.z3950.server.Z3950Listener.run(Z3950Listener.java:74)
